Added Net: Name=HIGH_1
Added Net: Name=HIGH_2
Added Net: Name=HIGH_3
Added Net: Name=HIGH_4
Added Net: Name=HIGH_5
Added Net: Name=HIGH_6
Added Net: Name=LOW_A
Added Net: Name=LOW_B
Added Net: Name=LOW_C
Added Net: Name=NetLED1_1
Added Net: Name=NetLED2_1
Added Net: Name=NetLED3_1
Added Net: Name=NetLED4_1
Added Net: Name=NetLED5_1
Added Net: Name=NetLED6_1
Added Net: Name=NetLED7_1
Added Net: Name=NetLED8_1
Added Net: Name=NetLED9_1
Added Net: Name=NetLED10_1
Added Net: Name=NetLED11_1
Added Net: Name=NetLED12_1
Added Net: Name=NetLED13_1
Added Net: Name=NetLED14_1
Added Net: Name=NetLED15_1
Added Net: Name=NetLED16_1
Added Net: Name=NetLED17_1
Added Net: Name=NetLED18_1
Added Class: Name=[1]-multipass
Added Room: Name=[1]-multipass
